+l
1	#include<stdio.h>
2	int input();
3	void add(int a, int b, int *sum);
4	void output(int a, int b, int sum);
5	
6	int main()
7	{
8	    int a,b,sum;
9	 a=input();
10	 b=input();
+l
11	add(a,b,&sum);
12	output(a,b,sum);
13	 return 0;
14	}
15	
16	int input()
17	{
18	    int x;
19	    printf("Enter the value of x\n");
20	    scanf("%d",&x);
+l
21	    return x;
22	   
23	}
24	void add(int a, int b, int *sum)
25	 {
26	    sum=a+b;
27	    
28	}
29	void output(int a, int b, int sum)
30	{
+l
31	    printf("The sum of %d and %d is %d",a,b,sum);
32	}+l
Line number 33 out of range; c:\Users\Dell\github-classroom\FPC-advanced\fpc-advanced-classroom-1st-year-assignment-Afkloppen\set01\problem04.c has 32 lines.
+b 9
Breakpoint 1 at 0x40146e: file c:\Users\Dell\github-classroom\FPC-advanced\fpc-advanced-classroom-1st-year-assignment-Afkloppen\set01\problem04.c, line 9.
+b 10
Breakpoint 2 at 0x401477: file c:\Users\Dell\github-classroom\FPC-advanced\fpc-advanced-classroom-1st-year-assignment-Afkloppen\set01\problem04.c, line 10.
+b 11
Breakpoint 3 at 0x401480: file c:\Users\Dell\github-classroom\FPC-advanced\fpc-advanced-classroom-1st-year-assignment-Afkloppen\set01\problem04.c, line 11.
+b 12
Breakpoint 4 at 0x40149c: file c:\Users\Dell\github-classroom\FPC-advanced\fpc-advanced-classroom-1st-year-assignment-Afkloppen\set01\problem04.c, line 12.
+r
Starting program: c:\Users\Dell\github-classroom\FPC-advanced\fpc-advanced-classroom-1st-year-assignment-Afkloppen\set01/./problem04.exe 
[New Thread 3764.0x3bb0]
[New Thread 3764.0x20b8]

Breakpoint 1, main ()
    at c:\Users\Dell\github-classroom\FPC-advanced\fpc-advanced-classroom-1st-year-assignment-Afkloppen\set01\problem04.c:9
9	 a=input();
+n

Breakpoint 2, main ()
    at c:\Users\Dell\github-classroom\FPC-advanced\fpc-advanced-classroom-1st-year-assignment-Afkloppen\set01\problem04.c:10
10	 b=input();
+p a
$1 = 3
+n

Breakpoint 3, main ()
    at c:\Users\Dell\github-classroom\FPC-advanced\fpc-advanced-classroom-1st-year-assignment-Afkloppen\set01\problem04.c:11
11	add(a,b,&sum);
+p b
$2 = 4
+n

Breakpoint 4, main ()
    at c:\Users\Dell\github-classroom\FPC-advanced\fpc-advanced-classroom-1st-year-assignment-Afkloppen\set01\problem04.c:12
12	output(a,b,sum);
+s
output (a=3, b=4, sum=0)
    at c:\Users\Dell\github-classroom\FPC-advanced\fpc-advanced-classroom-1st-year-assignment-Afkloppen\set01\problem04.c:31
31	    printf("The sum of %d and %d is %d",a,b,sum);
+n
32	}+n
main ()
    at c:\Users\Dell\github-classroom\FPC-advanced\fpc-advanced-classroom-1st-year-assignment-Afkloppen\set01\problem04.c:13
13	 return 0;
+p sum
$3 = 0
+n
14	}
+n
0x00401288 in __register_frame_info ()
+n
Single stepping until exit from function __register_frame_info,
which has no line number information.
0x0040128a in __register_frame_info ()
+so
source command requires file name of file to source.
+c
Continuing.
[Inferior 1 (process 3764) exited normally]
+n
The program is not being run.
+p sum
No symbol "sum" in current context.
+q
+b main
Breakpoint 1 at 0x40146e: file c:\Users\Dell\github-classroom\FPC-advanced\fpc-advanced-classroom-1st-year-assignment-Afkloppen\set01\problem04.c, line 9.
+r
Starting program: c:\Users\Dell\github-classroom\FPC-advanced\fpc-advanced-classroom-1st-year-assignment-Afkloppen\set01/./problem04.exe 
[New Thread 4220.0x3ba4]
[New Thread 4220.0x45c]

Breakpoint 1, main ()
    at c:\Users\Dell\github-classroom\FPC-advanced\fpc-advanced-classroom-1st-year-assignment-Afkloppen\set01\problem04.c:9
9	 a=input();
+n
10	 b=input();
+n
11	add(a,b,&sum);
+n
12	output(a,b,sum);
+p sum
$1 = 0
+p *sum
Cannot access memory at address 0x0
+p &sum
$2 = (int *) 0x61ff14
+cd "c:\Users\Dell\github-classroom\FPC-advanced\fpc-advanced-classroom-1st-year-assignment-Afkloppen\set01"
"c:\Users\Dell\github-classroom\FPC-advanced\fpc-advanced-classroom-1st-year-assignment-Afkloppen\set01": Invalid argument.
+gcc -g "c:\Users\Dell\github-classroom\FPC-advanced\fpc-advanced-classroom-1st-year-assignment-Afkloppen\set01\problem04.c" -o "c:\Users\Dell\github-classroom\FPC-advanced\fpc-advanced-classroom-1st-year-assignment-Afkloppen\set01\problem04.exe" 2>&1
Undefined command: "gcc".  Try "help".
+q
A debugging session is active.

	Inferior 1 [process 4220] will be killed.

Quit anyway? (y or n) Please answer y or n.
A debugging session is active.

	Inferior 1 [process 4220] will be killed.

Quit anyway? (y or n) Please answer y or n.
A debugging session is active.

	Inferior 1 [process 4220] will be killed.

Quit anyway? (y or n) error return ../../gdb-7.6.1/gdb/windows-nat.c:1275 was 5
